<?xml version="1.0" encoding="UTF-8"?>
<!-- Generated by org.testng.reporters.JUnitXMLReporter -->
<testsuite ignored="0" hostname="RUHHQMDD-MB003" failures="2" tests="7" name="FirefoxTest" time="54.622" errors="0" timestamp="2025-04-21T17:59:29 GMT+03:00">
  <testcase classname="selenium.UITests" name="test_AdminPage" time="3.385">
    <failure type="java.lang.AssertionError" message="null">
      <![CDATA[java.lang.AssertionError: null
at selenium.UITests.test_AdminPage(UITests.java:53)
at java.base/java.util.ArrayList.forEach(ArrayList.java:1597)
at java.base/java.util.concurrent.FutureTask.run(FutureTask.java:317)
at java.base/java.util.concurrent.ThreadPoolExecutor.runWorker(ThreadPoolExecutor.java:1144)
at java.base/java.util.concurrent.ThreadPoolExecutor$Worker.run(ThreadPoolExecutor.java:642)
at java.base/java.lang.Thread.run(Thread.java:1575)
... Removed 17 stack frames]]>
    </failure>
  </testcase> <!-- test_AdminPage -->
  <testcase classname="selenium.UITests" name="test_Buzz" time="1.105"/>
  <testcase classname="selenium.UITests" name="test_EmployeeAlert" time="3.584"/>
  <testcase classname="selenium.UITests" name="test_upgradePage" time="2.118">
    <failure type="java.lang.AssertionError" message="null">
      <![CDATA[java.lang.AssertionError: null
at selenium.UITests.test_upgradePage(UITests.java:44)
at java.base/java.util.ArrayList.forEach(ArrayList.java:1597)
at java.base/java.util.concurrent.FutureTask.run(FutureTask.java:317)
at java.base/java.util.concurrent.ThreadPoolExecutor.runWorker(ThreadPoolExecutor.java:1144)
at java.base/java.util.concurrent.ThreadPoolExecutor$Worker.run(ThreadPoolExecutor.java:642)
at java.base/java.lang.Thread.run(Thread.java:1575)
... Removed 17 stack frames]]>
    </failure>
  </testcase> <!-- test_upgradePage -->
  <testcase classname="selenium.LoginTest" name="test_invalid_login" time="2.201"/>
  <testcase classname="selenium.LoginTest" name="test_valid_login" time="2.56"/>
  <testcase classname="selenium.LoginTest" name="test_forgot_Login" time="2.239"/>
</testsuite> <!-- FirefoxTest -->
