<!DOCTYPE html PUBLIC "-//W3C//DTD XHTML 1.1//EN" "https://www.w3.org/TR/xhtml11/DTD/xhtml11.dtd">
<html xmlns="https://www.w3.org/1999/xhtml">
<head>
<meta charset='utf-8'>
<title>TestNG Report</title>
<style type="text/css">
table {margin-bottom:10px;border-collapse:collapse;empty-cells:show}
td,th {border:1px solid #009;padding:.25em .5em}
.result th {vertical-align:bottom}
.param th {padding-left:1em;padding-right:1em}
.param td {padding-left:.5em;padding-right:2em}
.stripe td,.stripe th {background-color: #E6EBF9}
.numi,.numi_attn {text-align:right}
.total td {font-weight:bold}
.passedodd td {background-color: #0A0}
.passedeven td {background-color: #3F3}
.skippedodd td {background-color: #CCC}
.skippedodd td {background-color: #DDD}
.failedodd td,.numi_attn {background-color: #F33}
.failedeven td,.stripe .numi_attn {background-color: #D00}
.stacktrace {white-space:pre;font-family:monospace}
.totop {font-size:85%;text-align:center;border-bottom:2px solid #000}
</style>
</head>
<body>
<table cellspacing="0" cellpadding="0" class="testOverview">
<tr><th>Test</th><th>Methods<br/>Passed</th><th>Scenarios<br/>Passed</th><th># skipped</th><th># failed</th><th>Total<br/>Time</th><th>Included<br/>Groups</th><th>Excluded<br/>Groups</th></tr>
<tr><td style="text-align:left;padding-right:2em"><a href="#t1">FirefoxTest</a></td><td class="numi">2</td><td class="numi">2</td><td class="numi_attn">6</td><td class="numi_attn">6</td><td class="numi">68.7 seconds</td><td class="numi"></td><td class="numi"></td></tr>
</table>
<table cellspacing="0" cellpadding="0" class="methodOverview" id="summary">
<tr><th>Class</th><th>Method</th><th># of<br/>Scenarios</th><th>Start</th><th>Time<br/>(ms)</th></tr>
<tr id="t1"><th colspan="5">FirefoxTest &#8212; failed</th></tr>
<tr class="failedodd"><td rowspan="6">selenium.UITests</td><td><a href="#m1"><b>test_upgradePage</b>  </a></td><td class="numi">1</td><td>1745250990283</td><td class="numi">2088</td></tr><tr class="failedodd"><td><a href="#m2"><b>test_AdminPage</b>  </a></td><td class="numi">1</td><td>1745250949718</td><td class="numi">2612</td></tr><tr class="failedodd"><td><a href="#m3"><b>test_AdminPage</b>  </a></td><td class="numi">1</td><td>1745250949718</td><td class="numi">2612</td></tr><tr class="failedodd"><td><a href="#m4"><b>test_upgradePage</b>  </a></td><td class="numi">1</td><td>1745250990283</td><td class="numi">2088</td></tr><tr class="failedodd"><td><a href="#m5"><b>test_upgradePage</b>  </a></td><td class="numi">1</td><td>1745250990283</td><td class="numi">2088</td></tr><tr class="failedodd"><td><a href="#m6"><b>test_AdminPage</b>  </a></td><td class="numi">1</td><td>1745250949718</td><td class="numi">2612</td></tr>
<tr><th colspan="5">FirefoxTest &#8212; skipped</th></tr>
<tr class="skippedodd"><td rowspan="6">selenium.UITests</td><td><a href="#m7"><b>test_upgradePage</b>  </a></td><td class="numi">2</td><td>1745250974609</td><td class="numi">10014</td></tr><tr class="skippedodd"><td><a href="#m8"><b>test_AdminPage</b>  </a></td><td class="numi">2</td><td>1745250930307</td><td class="numi">13435</td></tr><tr class="skippedodd"><td><a href="#m9"><b>test_AdminPage</b>  </a></td><td class="numi">2</td><td>1745250930307</td><td class="numi">13435</td></tr><tr class="skippedodd"><td><a href="#m10"><b>test_upgradePage</b>  </a></td><td class="numi">2</td><td>1745250974609</td><td class="numi">10014</td></tr><tr class="skippedodd"><td><a href="#m11"><b>test_upgradePage</b>  </a></td><td class="numi">2</td><td>1745250974609</td><td class="numi">10014</td></tr><tr class="skippedodd"><td><a href="#m12"><b>test_AdminPage</b>  </a></td><td class="numi">2</td><td>1745250930307</td><td class="numi">13435</td></tr>
<tr><th colspan="5">FirefoxTest &#8212; passed</th></tr>
<tr class="passedodd"><td rowspan="2">selenium.UITests</td><td><a href="#m13"><b>test_EmployeeAlert</b>  </a></td><td class="numi">1</td><td>1745250965273</td><td class="numi">3602</td></tr><tr class="passedodd"><td><a href="#m14"><b>test_Buzz</b>  </a></td><td class="numi">1</td><td>1745250958268</td><td class="numi">1007</td></tr>
</table>
<h1>FirefoxTest</h1>
<h2 id="m1">selenium.UITests:test_upgradePage</h2>
<div>
<div class="stacktrace">java.lang.AssertionError: null
	at selenium.UITests.test_upgradePage(UITests.java:45)
	at java.base/java.util.ArrayList.forEach(ArrayList.java:1597)
	at java.base/java.util.concurrent.FutureTask.run$$$capture(FutureTask.java:317)
	at java.base/java.util.concurrent.FutureTask.run(FutureTask.java)
	at --- Async.Stack.Trace --- (captured by IntelliJ IDEA debugger)
	at java.base/java.util.concurrent.FutureTask.&lt;init&gt;(FutureTask.java:132)
	at java.base/java.util.concurrent.AbstractExecutorService.newTaskFor(AbstractExecutorService.java:113)
	at java.base/java.util.concurrent.AbstractExecutorService.invokeAll(AbstractExecutorService.java:305)
	at com.intellij.rt.testng.IDEARemoteTestNG.run(IDEARemoteTestNG.java:65)
	at com.intellij.rt.testng.RemoteTestNGStarter.main(RemoteTestNGStarter.java:105)
... Removed 27 stack frames</div>
</div>
<p class="totop"><a href="#summary">back to summary</a></p>
<h2 id="m2">selenium.UITests:test_AdminPage</h2>
<div>
<div class="stacktrace">java.lang.AssertionError: null
	at selenium.UITests.test_AdminPage(UITests.java:54)
	at java.base/java.util.ArrayList.forEach(ArrayList.java:1597)
	at java.base/java.util.concurrent.FutureTask.run$$$capture(FutureTask.java:317)
	at java.base/java.util.concurrent.FutureTask.run(FutureTask.java)
	at --- Async.Stack.Trace --- (captured by IntelliJ IDEA debugger)
	at java.base/java.util.concurrent.FutureTask.&lt;init&gt;(FutureTask.java:132)
	at java.base/java.util.concurrent.AbstractExecutorService.newTaskFor(AbstractExecutorService.java:113)
	at java.base/java.util.concurrent.AbstractExecutorService.invokeAll(AbstractExecutorService.java:305)
	at com.intellij.rt.testng.IDEARemoteTestNG.run(IDEARemoteTestNG.java:65)
	at com.intellij.rt.testng.RemoteTestNGStarter.main(RemoteTestNGStarter.java:105)
... Removed 27 stack frames</div>
</div>
<p class="totop"><a href="#summary">back to summary</a></p>
<h2 id="m3">selenium.UITests:test_upgradePage</h2>
<div>
<div class="stacktrace">java.lang.AssertionError: null
	at selenium.UITests.test_upgradePage(UITests.java:45)
	at java.base/java.util.ArrayList.forEach(ArrayList.java:1597)
	at java.base/java.util.concurrent.FutureTask.run$$$capture(FutureTask.java:317)
	at java.base/java.util.concurrent.FutureTask.run(FutureTask.java)
	at --- Async.Stack.Trace --- (captured by IntelliJ IDEA debugger)
	at java.base/java.util.concurrent.FutureTask.&lt;init&gt;(FutureTask.java:132)
	at java.base/java.util.concurrent.AbstractExecutorService.newTaskFor(AbstractExecutorService.java:113)
	at java.base/java.util.concurrent.AbstractExecutorService.invokeAll(AbstractExecutorService.java:305)
	at com.intellij.rt.testng.IDEARemoteTestNG.run(IDEARemoteTestNG.java:65)
	at com.intellij.rt.testng.RemoteTestNGStarter.main(RemoteTestNGStarter.java:105)
... Removed 27 stack frames</div>
</div>
<p class="totop"><a href="#summary">back to summary</a></p>
<h2 id="m4">selenium.UITests:test_AdminPage</h2>
<div>
<div class="stacktrace">java.lang.AssertionError: null
	at selenium.UITests.test_AdminPage(UITests.java:54)
	at java.base/java.util.ArrayList.forEach(ArrayList.java:1597)
	at java.base/java.util.concurrent.FutureTask.run$$$capture(FutureTask.java:317)
	at java.base/java.util.concurrent.FutureTask.run(FutureTask.java)
	at --- Async.Stack.Trace --- (captured by IntelliJ IDEA debugger)
	at java.base/java.util.concurrent.FutureTask.&lt;init&gt;(FutureTask.java:132)
	at java.base/java.util.concurrent.AbstractExecutorService.newTaskFor(AbstractExecutorService.java:113)
	at java.base/java.util.concurrent.AbstractExecutorService.invokeAll(AbstractExecutorService.java:305)
	at com.intellij.rt.testng.IDEARemoteTestNG.run(IDEARemoteTestNG.java:65)
	at com.intellij.rt.testng.RemoteTestNGStarter.main(RemoteTestNGStarter.java:105)
... Removed 27 stack frames</div>
</div>
<p class="totop"><a href="#summary">back to summary</a></p>
<h2 id="m5">selenium.UITests:test_AdminPage</h2>
<div>
<div class="stacktrace">java.lang.AssertionError: null
	at selenium.UITests.test_AdminPage(UITests.java:54)
	at java.base/java.util.ArrayList.forEach(ArrayList.java:1597)
	at java.base/java.util.concurrent.FutureTask.run$$$capture(FutureTask.java:317)
	at java.base/java.util.concurrent.FutureTask.run(FutureTask.java)
	at --- Async.Stack.Trace --- (captured by IntelliJ IDEA debugger)
	at java.base/java.util.concurrent.FutureTask.&lt;init&gt;(FutureTask.java:132)
	at java.base/java.util.concurrent.AbstractExecutorService.newTaskFor(AbstractExecutorService.java:113)
	at java.base/java.util.concurrent.AbstractExecutorService.invokeAll(AbstractExecutorService.java:305)
	at com.intellij.rt.testng.IDEARemoteTestNG.run(IDEARemoteTestNG.java:65)
	at com.intellij.rt.testng.RemoteTestNGStarter.main(RemoteTestNGStarter.java:105)
... Removed 27 stack frames</div>
</div>
<p class="totop"><a href="#summary">back to summary</a></p>
<h2 id="m6">selenium.UITests:test_upgradePage</h2>
<div>
<div class="stacktrace">java.lang.AssertionError: null
	at selenium.UITests.test_upgradePage(UITests.java:45)
	at java.base/java.util.ArrayList.forEach(ArrayList.java:1597)
	at java.base/java.util.concurrent.FutureTask.run$$$capture(FutureTask.java:317)
	at java.base/java.util.concurrent.FutureTask.run(FutureTask.java)
	at --- Async.Stack.Trace --- (captured by IntelliJ IDEA debugger)
	at java.base/java.util.concurrent.FutureTask.&lt;init&gt;(FutureTask.java:132)
	at java.base/java.util.concurrent.AbstractExecutorService.newTaskFor(AbstractExecutorService.java:113)
	at java.base/java.util.concurrent.AbstractExecutorService.invokeAll(AbstractExecutorService.java:305)
	at com.intellij.rt.testng.IDEARemoteTestNG.run(IDEARemoteTestNG.java:65)
	at com.intellij.rt.testng.RemoteTestNGStarter.main(RemoteTestNGStarter.java:105)
... Removed 27 stack frames</div>
</div>
<p class="totop"><a href="#summary">back to summary</a></p>
<h2 id="m7">selenium.UITests:test_EmployeeAlert</h2>
<p class="totop"><a href="#summary">back to summary</a></p>
<h2 id="m8">selenium.UITests:test_Buzz</h2>
<p class="totop"><a href="#summary">back to summary</a></p>
</body></html>
