<?xml version="1.0" encoding="UTF-8"?>
<testng-results retried="4" ignored="0" total="8" passed="2" failed="2" skipped="0">
  <reporter-output>
  </reporter-output>
  <suite started-at="2025-04-21T18:55:24 GMT+03:00" name="SeleniumTestSuite" finished-at="2025-04-21T18:56:32 GMT+03:00" duration-ms="68705">
    <groups>
    </groups>
    <test started-at="2025-04-21T18:55:24 GMT+03:00" name="FirefoxTest" finished-at="2025-04-21T18:56:32 GMT+03:00" duration-ms="68705">
      <class name="selenium.UITests">
        <test-method is-config="true" signature="setup(java.lang.String)[pri:0, instance:selenium.UITests@4a3631f8]" started-at="2025-04-21T18:55:24 GMT+03:00" name="setup" finished-at="2025-04-21T18:55:28 GMT+03:00" duration-ms="4410" status="PASS">
          <params>
            <param index="0">
              <value>
                <![CDATA[firefox]]>
              </value>
            </param>
          </params>
          <reporter-output>
          </reporter-output>
        </test-method> <!-- setup -->
        <test-method is-config="true" signature="dashboadSetup()[pri:0, instance:selenium.UITests@4a3631f8]" started-at="2025-04-21T18:55:28 GMT+03:00" name="dashboadSetup" finished-at="2025-04-21T18:55:30 GMT+03:00" duration-ms="1693" status="PASS">
          <reporter-output>
          </reporter-output>
        </test-method> <!-- dashboadSetup -->
        <test-method retried="true" signature="test_AdminPage()[pri:0, instance:selenium.UITests@4a3631f8]" started-at="2025-04-21T18:55:30 GMT+03:00" name="test_AdminPage" finished-at="2025-04-21T18:55:34 GMT+03:00" duration-ms="4626" status="SKIP">
          <exception class="java.lang.AssertionError">
            <message>
              <![CDATA[null]]>
            </message>
            <full-stacktrace>
              <![CDATA[java.lang.AssertionError: null
at org.testng.Assert.fail(Assert.java:110)
at org.testng.Assert.fail(Assert.java:115)
at selenium.UITests.test_AdminPage(UITests.java:54)
at java.base/jdk.internal.reflect.DirectMethodHandleAccessor.invoke(DirectMethodHandleAccessor.java:103)
at java.base/java.lang.reflect.Method.invoke(Method.java:580)
at org.testng.internal.invokers.MethodInvocationHelper.invokeMethod(MethodInvocationHelper.java:139)
at org.testng.internal.invokers.TestInvoker.invokeMethod(TestInvoker.java:677)
at org.testng.internal.invokers.TestInvoker.invokeTestMethod(TestInvoker.java:221)
at org.testng.internal.invokers.MethodRunner.runInSequence(MethodRunner.java:50)
at org.testng.internal.invokers.TestInvoker$MethodInvocationAgent.invoke(TestInvoker.java:969)
at org.testng.internal.invokers.TestInvoker.invokeTestMethods(TestInvoker.java:194)
at org.testng.internal.invokers.TestMethodWorker.invokeTestMethods(TestMethodWorker.java:148)
at org.testng.internal.invokers.TestMethodWorker.run(TestMethodWorker.java:128)
at java.base/java.util.ArrayList.forEach(ArrayList.java:1597)
at org.testng.TestRunner.privateRun(TestRunner.java:829)
at org.testng.TestRunner.run(TestRunner.java:602)
at org.testng.SuiteRunner.runTest(SuiteRunner.java:437)
at org.testng.SuiteRunner$SuiteWorker.run(SuiteRunner.java:475)
at org.testng.internal.thread.ThreadUtil.lambda$execute$0(ThreadUtil.java:58)
at java.base/java.util.concurrent.FutureTask.run$$$capture(FutureTask.java:317)
at java.base/java.util.concurrent.FutureTask.run(FutureTask.java)
at --- Async.Stack.Trace --- (captured by IntelliJ IDEA debugger)
at java.base/java.util.concurrent.FutureTask.<init>(FutureTask.java:132)
at java.base/java.util.concurrent.AbstractExecutorService.newTaskFor(AbstractExecutorService.java:113)
at java.base/java.util.concurrent.AbstractExecutorService.invokeAll(AbstractExecutorService.java:305)
at org.testng.internal.thread.ThreadUtil.execute(ThreadUtil.java:64)
at org.testng.SuiteRunner.runInParallelTestMode(SuiteRunner.java:458)
at org.testng.SuiteRunner.privateRun(SuiteRunner.java:389)
at org.testng.SuiteRunner.run(SuiteRunner.java:330)
at org.testng.SuiteRunnerWorker.runSuite(SuiteRunnerWorker.java:52)
at org.testng.SuiteRunnerWorker.run(SuiteRunnerWorker.java:95)
at org.testng.TestNG.runSuitesSequentially(TestNG.java:1256)
at org.testng.TestNG.runSuitesLocally(TestNG.java:1176)
at org.testng.TestNG.runSuites(TestNG.java:1099)
at org.testng.TestNG.run(TestNG.java:1067)
at com.intellij.rt.testng.IDEARemoteTestNG.run(IDEARemoteTestNG.java:65)
at com.intellij.rt.testng.RemoteTestNGStarter.main(RemoteTestNGStarter.java:105)
]]>
            </full-stacktrace>
          </exception> <!-- java.lang.AssertionError -->
          <reporter-output>
          </reporter-output>
        </test-method> <!-- test_AdminPage -->
        <test-method is-config="true" signature="afterMethod()[pri:0, instance:selenium.UITests@4a3631f8]" started-at="2025-04-21T18:55:34 GMT+03:00" name="afterMethod" finished-at="2025-04-21T18:55:34 GMT+03:00" duration-ms="1" status="PASS">
          <reporter-output>
          </reporter-output>
        </test-method> <!-- afterMethod -->
        <test-method is-config="true" signature="cleanupSession()[pri:0, instance:selenium.UITests@4a3631f8]" started-at="2025-04-21T18:55:34 GMT+03:00" name="cleanupSession" finished-at="2025-04-21T18:55:35 GMT+03:00" duration-ms="607" status="PASS">
          <reporter-output>
          </reporter-output>
        </test-method> <!-- cleanupSession -->
        <test-method is-config="true" signature="setup(java.lang.String)[pri:0, instance:selenium.UITests@4a3631f8]" started-at="2025-04-21T18:55:35 GMT+03:00" name="setup" finished-at="2025-04-21T18:55:39 GMT+03:00" duration-ms="3504" status="PASS">
          <params>
            <param index="0">
              <value>
                <![CDATA[firefox]]>
              </value>
            </param>
          </params>
          <reporter-output>
          </reporter-output>
        </test-method> <!-- setup -->
        <test-method is-config="true" signature="dashboadSetup()[pri:0, instance:selenium.UITests@4a3631f8]" started-at="2025-04-21T18:55:39 GMT+03:00" name="dashboadSetup" finished-at="2025-04-21T18:55:40 GMT+03:00" duration-ms="1802" status="PASS">
          <reporter-output>
          </reporter-output>
        </test-method> <!-- dashboadSetup -->
        <test-method retried="true" signature="test_AdminPage()[pri:0, instance:selenium.UITests@4a3631f8]" started-at="2025-04-21T18:55:40 GMT+03:00" name="test_AdminPage" finished-at="2025-04-21T18:55:43 GMT+03:00" duration-ms="2877" status="SKIP">
          <exception class="java.lang.AssertionError">
            <message>
              <![CDATA[null]]>
            </message>
            <full-stacktrace>
              <![CDATA[java.lang.AssertionError: null
at org.testng.Assert.fail(Assert.java:110)
at org.testng.Assert.fail(Assert.java:115)
at selenium.UITests.test_AdminPage(UITests.java:54)
at java.base/jdk.internal.reflect.DirectMethodHandleAccessor.invoke(DirectMethodHandleAccessor.java:103)
at java.base/java.lang.reflect.Method.invoke(Method.java:580)
at org.testng.internal.invokers.MethodInvocationHelper.invokeMethod(MethodInvocationHelper.java:139)
at org.testng.internal.invokers.TestInvoker.invokeMethod(TestInvoker.java:677)
at org.testng.internal.invokers.TestInvoker.retryFailed(TestInvoker.java:263)
at org.testng.internal.invokers.MethodRunner.runInSequence(MethodRunner.java:62)
at org.testng.internal.invokers.TestInvoker$MethodInvocationAgent.invoke(TestInvoker.java:969)
at org.testng.internal.invokers.TestInvoker.invokeTestMethods(TestInvoker.java:194)
at org.testng.internal.invokers.TestMethodWorker.invokeTestMethods(TestMethodWorker.java:148)
at org.testng.internal.invokers.TestMethodWorker.run(TestMethodWorker.java:128)
at java.base/java.util.ArrayList.forEach(ArrayList.java:1597)
at org.testng.TestRunner.privateRun(TestRunner.java:829)
at org.testng.TestRunner.run(TestRunner.java:602)
at org.testng.SuiteRunner.runTest(SuiteRunner.java:437)
at org.testng.SuiteRunner$SuiteWorker.run(SuiteRunner.java:475)
at org.testng.internal.thread.ThreadUtil.lambda$execute$0(ThreadUtil.java:58)
at java.base/java.util.concurrent.FutureTask.run$$$capture(FutureTask.java:317)
at java.base/java.util.concurrent.FutureTask.run(FutureTask.java)
at --- Async.Stack.Trace --- (captured by IntelliJ IDEA debugger)
at java.base/java.util.concurrent.FutureTask.<init>(FutureTask.java:132)
at java.base/java.util.concurrent.AbstractExecutorService.newTaskFor(AbstractExecutorService.java:113)
at java.base/java.util.concurrent.AbstractExecutorService.invokeAll(AbstractExecutorService.java:305)
at org.testng.internal.thread.ThreadUtil.execute(ThreadUtil.java:64)
at org.testng.SuiteRunner.runInParallelTestMode(SuiteRunner.java:458)
at org.testng.SuiteRunner.privateRun(SuiteRunner.java:389)
at org.testng.SuiteRunner.run(SuiteRunner.java:330)
at org.testng.SuiteRunnerWorker.runSuite(SuiteRunnerWorker.java:52)
at org.testng.SuiteRunnerWorker.run(SuiteRunnerWorker.java:95)
at org.testng.TestNG.runSuitesSequentially(TestNG.java:1256)
at org.testng.TestNG.runSuitesLocally(TestNG.java:1176)
at org.testng.TestNG.runSuites(TestNG.java:1099)
at org.testng.TestNG.run(TestNG.java:1067)
at com.intellij.rt.testng.IDEARemoteTestNG.run(IDEARemoteTestNG.java:65)
at com.intellij.rt.testng.RemoteTestNGStarter.main(RemoteTestNGStarter.java:105)
]]>
            </full-stacktrace>
          </exception> <!-- java.lang.AssertionError -->
          <reporter-output>
          </reporter-output>
        </test-method> <!-- test_AdminPage -->
        <test-method is-config="true" signature="afterMethod()[pri:0, instance:selenium.UITests@4a3631f8]" started-at="2025-04-21T18:55:43 GMT+03:00" name="afterMethod" finished-at="2025-04-21T18:55:43 GMT+03:00" duration-ms="1" status="PASS">
          <reporter-output>
          </reporter-output>
        </test-method> <!-- afterMethod -->
        <test-method is-config="true" signature="cleanupSession()[pri:0, instance:selenium.UITests@4a3631f8]" started-at="2025-04-21T18:55:43 GMT+03:00" name="cleanupSession" finished-at="2025-04-21T18:55:44 GMT+03:00" duration-ms="596" status="PASS">
          <reporter-output>
          </reporter-output>
        </test-method> <!-- cleanupSession -->
        <test-method is-config="true" signature="setup(java.lang.String)[pri:0, instance:selenium.UITests@4a3631f8]" started-at="2025-04-21T18:55:44 GMT+03:00" name="setup" finished-at="2025-04-21T18:55:48 GMT+03:00" duration-ms="3673" status="PASS">
          <params>
            <param index="0">
              <value>
                <![CDATA[firefox]]>
              </value>
            </param>
          </params>
          <reporter-output>
          </reporter-output>
        </test-method> <!-- setup -->
        <test-method is-config="true" signature="dashboadSetup()[pri:0, instance:selenium.UITests@4a3631f8]" started-at="2025-04-21T18:55:48 GMT+03:00" name="dashboadSetup" finished-at="2025-04-21T18:55:49 GMT+03:00" duration-ms="1697" status="PASS">
          <reporter-output>
          </reporter-output>
        </test-method> <!-- dashboadSetup -->
        <test-method signature="test_AdminPage()[pri:0, instance:selenium.UITests@4a3631f8]" started-at="2025-04-21T18:55:49 GMT+03:00" name="test_AdminPage" finished-at="2025-04-21T18:55:52 GMT+03:00" duration-ms="2612" status="FAIL">
          <exception class="java.lang.AssertionError">
            <message>
              <![CDATA[null]]>
            </message>
            <full-stacktrace>
              <![CDATA[java.lang.AssertionError: null
at org.testng.Assert.fail(Assert.java:110)
at org.testng.Assert.fail(Assert.java:115)
at selenium.UITests.test_AdminPage(UITests.java:54)
at java.base/jdk.internal.reflect.DirectMethodHandleAccessor.invoke(DirectMethodHandleAccessor.java:103)
at java.base/java.lang.reflect.Method.invoke(Method.java:580)
at org.testng.internal.invokers.MethodInvocationHelper.invokeMethod(MethodInvocationHelper.java:139)
at org.testng.internal.invokers.TestInvoker.invokeMethod(TestInvoker.java:677)
at org.testng.internal.invokers.TestInvoker.retryFailed(TestInvoker.java:263)
at org.testng.internal.invokers.MethodRunner.runInSequence(MethodRunner.java:62)
at org.testng.internal.invokers.TestInvoker$MethodInvocationAgent.invoke(TestInvoker.java:969)
at org.testng.internal.invokers.TestInvoker.invokeTestMethods(TestInvoker.java:194)
at org.testng.internal.invokers.TestMethodWorker.invokeTestMethods(TestMethodWorker.java:148)
at org.testng.internal.invokers.TestMethodWorker.run(TestMethodWorker.java:128)
at java.base/java.util.ArrayList.forEach(ArrayList.java:1597)
at org.testng.TestRunner.privateRun(TestRunner.java:829)
at org.testng.TestRunner.run(TestRunner.java:602)
at org.testng.SuiteRunner.runTest(SuiteRunner.java:437)
at org.testng.SuiteRunner$SuiteWorker.run(SuiteRunner.java:475)
at org.testng.internal.thread.ThreadUtil.lambda$execute$0(ThreadUtil.java:58)
at java.base/java.util.concurrent.FutureTask.run$$$capture(FutureTask.java:317)
at java.base/java.util.concurrent.FutureTask.run(FutureTask.java)
at --- Async.Stack.Trace --- (captured by IntelliJ IDEA debugger)
at java.base/java.util.concurrent.FutureTask.<init>(FutureTask.java:132)
at java.base/java.util.concurrent.AbstractExecutorService.newTaskFor(AbstractExecutorService.java:113)
at java.base/java.util.concurrent.AbstractExecutorService.invokeAll(AbstractExecutorService.java:305)
at org.testng.internal.thread.ThreadUtil.execute(ThreadUtil.java:64)
at org.testng.SuiteRunner.runInParallelTestMode(SuiteRunner.java:458)
at org.testng.SuiteRunner.privateRun(SuiteRunner.java:389)
at org.testng.SuiteRunner.run(SuiteRunner.java:330)
at org.testng.SuiteRunnerWorker.runSuite(SuiteRunnerWorker.java:52)
at org.testng.SuiteRunnerWorker.run(SuiteRunnerWorker.java:95)
at org.testng.TestNG.runSuitesSequentially(TestNG.java:1256)
at org.testng.TestNG.runSuitesLocally(TestNG.java:1176)
at org.testng.TestNG.runSuites(TestNG.java:1099)
at org.testng.TestNG.run(TestNG.java:1067)
at com.intellij.rt.testng.IDEARemoteTestNG.run(IDEARemoteTestNG.java:65)
at com.intellij.rt.testng.RemoteTestNGStarter.main(RemoteTestNGStarter.java:105)
]]>
            </full-stacktrace>
          </exception> <!-- java.lang.AssertionError -->
          <reporter-output>
          </reporter-output>
        </test-method> <!-- test_AdminPage -->
        <test-method is-config="true" signature="afterMethod()[pri:0, instance:selenium.UITests@4a3631f8]" started-at="2025-04-21T18:55:52 GMT+03:00" name="afterMethod" finished-at="2025-04-21T18:55:52 GMT+03:00" duration-ms="1" status="PASS">
          <reporter-output>
          </reporter-output>
        </test-method> <!-- afterMethod -->
        <test-method is-config="true" signature="cleanupSession()[pri:0, instance:selenium.UITests@4a3631f8]" started-at="2025-04-21T18:55:52 GMT+03:00" name="cleanupSession" finished-at="2025-04-21T18:55:52 GMT+03:00" duration-ms="498" status="PASS">
          <reporter-output>
          </reporter-output>
        </test-method> <!-- cleanupSession -->
        <test-method is-config="true" signature="setup(java.lang.String)[pri:0, instance:selenium.UITests@4a3631f8]" started-at="2025-04-21T18:55:52 GMT+03:00" name="setup" finished-at="2025-04-21T18:55:56 GMT+03:00" duration-ms="3576" status="PASS">
          <params>
            <param index="0">
              <value>
                <![CDATA[firefox]]>
              </value>
            </param>
          </params>
          <reporter-output>
          </reporter-output>
        </test-method> <!-- setup -->
        <test-method is-config="true" signature="dashboadSetup()[pri:0, instance:selenium.UITests@4a3631f8]" started-at="2025-04-21T18:55:56 GMT+03:00" name="dashboadSetup" finished-at="2025-04-21T18:55:58 GMT+03:00" duration-ms="1826" status="PASS">
          <reporter-output>
          </reporter-output>
        </test-method> <!-- dashboadSetup -->
        <test-method signature="test_Buzz()[pri:0, instance:selenium.UITests@4a3631f8]" started-at="2025-04-21T18:55:58 GMT+03:00" name="test_Buzz" finished-at="2025-04-21T18:55:59 GMT+03:00" duration-ms="1007" status="PASS">
          <reporter-output>
          </reporter-output>
        </test-method> <!-- test_Buzz -->
        <test-method is-config="true" signature="cleanupSession()[pri:0, instance:selenium.UITests@4a3631f8]" started-at="2025-04-21T18:55:59 GMT+03:00" name="cleanupSession" finished-at="2025-04-21T18:55:59 GMT+03:00" duration-ms="447" status="PASS">
          <reporter-output>
          </reporter-output>
        </test-method> <!-- cleanupSession -->
        <test-method is-config="true" signature="afterMethod()[pri:0, instance:selenium.UITests@4a3631f8]" started-at="2025-04-21T18:55:59 GMT+03:00" name="afterMethod" finished-at="2025-04-21T18:55:59 GMT+03:00" duration-ms="0" status="PASS">
          <reporter-output>
          </reporter-output>
        </test-method> <!-- afterMethod -->
        <test-method is-config="true" signature="setup(java.lang.String)[pri:0, instance:selenium.UITests@4a3631f8]" started-at="2025-04-21T18:55:59 GMT+03:00" name="setup" finished-at="2025-04-21T18:56:03 GMT+03:00" duration-ms="3617" status="PASS">
          <params>
            <param index="0">
              <value>
                <![CDATA[firefox]]>
              </value>
            </param>
          </params>
          <reporter-output>
          </reporter-output>
        </test-method> <!-- setup -->
        <test-method is-config="true" signature="dashboadSetup()[pri:0, instance:selenium.UITests@4a3631f8]" started-at="2025-04-21T18:56:03 GMT+03:00" name="dashboadSetup" finished-at="2025-04-21T18:56:05 GMT+03:00" duration-ms="1928" status="PASS">
          <reporter-output>
          </reporter-output>
        </test-method> <!-- dashboadSetup -->
        <test-method signature="test_EmployeeAlert()[pri:0, instance:selenium.UITests@4a3631f8]" started-at="2025-04-21T18:56:05 GMT+03:00" name="test_EmployeeAlert" finished-at="2025-04-21T18:56:08 GMT+03:00" duration-ms="3602" status="PASS">
          <reporter-output>
          </reporter-output>
        </test-method> <!-- test_EmployeeAlert -->
        <test-method is-config="true" signature="afterMethod()[pri:0, instance:selenium.UITests@4a3631f8]" started-at="2025-04-21T18:56:08 GMT+03:00" name="afterMethod" finished-at="2025-04-21T18:56:08 GMT+03:00" duration-ms="1" status="PASS">
          <reporter-output>
          </reporter-output>
        </test-method> <!-- afterMethod -->
        <test-method is-config="true" signature="cleanupSession()[pri:0, instance:selenium.UITests@4a3631f8]" started-at="2025-04-21T18:56:08 GMT+03:00" name="cleanupSession" finished-at="2025-04-21T18:56:09 GMT+03:00" duration-ms="465" status="PASS">
          <reporter-output>
          </reporter-output>
        </test-method> <!-- cleanupSession -->
        <test-method is-config="true" signature="setup(java.lang.String)[pri:0, instance:selenium.UITests@4a3631f8]" started-at="2025-04-21T18:56:09 GMT+03:00" name="setup" finished-at="2025-04-21T18:56:12 GMT+03:00" duration-ms="3580" status="PASS">
          <params>
            <param index="0">
              <value>
                <![CDATA[firefox]]>
              </value>
            </param>
          </params>
          <reporter-output>
          </reporter-output>
        </test-method> <!-- setup -->
        <test-method is-config="true" signature="dashboadSetup()[pri:0, instance:selenium.UITests@4a3631f8]" started-at="2025-04-21T18:56:12 GMT+03:00" name="dashboadSetup" finished-at="2025-04-21T18:56:14 GMT+03:00" duration-ms="1684" status="PASS">
          <reporter-output>
          </reporter-output>
        </test-method> <!-- dashboadSetup -->
        <test-method retried="true" signature="test_upgradePage()[pri:0, instance:selenium.UITests@4a3631f8]" started-at="2025-04-21T18:56:14 GMT+03:00" name="test_upgradePage" finished-at="2025-04-21T18:56:16 GMT+03:00" duration-ms="2080" status="SKIP">
          <exception class="java.lang.AssertionError">
            <message>
              <![CDATA[null]]>
            </message>
            <full-stacktrace>
              <![CDATA[java.lang.AssertionError: null
at org.testng.Assert.fail(Assert.java:110)
at org.testng.Assert.fail(Assert.java:115)
at selenium.UITests.test_upgradePage(UITests.java:45)
at java.base/jdk.internal.reflect.DirectMethodHandleAccessor.invoke(DirectMethodHandleAccessor.java:103)
at java.base/java.lang.reflect.Method.invoke(Method.java:580)
at org.testng.internal.invokers.MethodInvocationHelper.invokeMethod(MethodInvocationHelper.java:139)
at org.testng.internal.invokers.TestInvoker.invokeMethod(TestInvoker.java:677)
at org.testng.internal.invokers.TestInvoker.invokeTestMethod(TestInvoker.java:221)
at org.testng.internal.invokers.MethodRunner.runInSequence(MethodRunner.java:50)
at org.testng.internal.invokers.TestInvoker$MethodInvocationAgent.invoke(TestInvoker.java:969)
at org.testng.internal.invokers.TestInvoker.invokeTestMethods(TestInvoker.java:194)
at org.testng.internal.invokers.TestMethodWorker.invokeTestMethods(TestMethodWorker.java:148)
at org.testng.internal.invokers.TestMethodWorker.run(TestMethodWorker.java:128)
at java.base/java.util.ArrayList.forEach(ArrayList.java:1597)
at org.testng.TestRunner.privateRun(TestRunner.java:829)
at org.testng.TestRunner.run(TestRunner.java:602)
at org.testng.SuiteRunner.runTest(SuiteRunner.java:437)
at org.testng.SuiteRunner$SuiteWorker.run(SuiteRunner.java:475)
at org.testng.internal.thread.ThreadUtil.lambda$execute$0(ThreadUtil.java:58)
at java.base/java.util.concurrent.FutureTask.run$$$capture(FutureTask.java:317)
at java.base/java.util.concurrent.FutureTask.run(FutureTask.java)
at --- Async.Stack.Trace --- (captured by IntelliJ IDEA debugger)
at java.base/java.util.concurrent.FutureTask.<init>(FutureTask.java:132)
at java.base/java.util.concurrent.AbstractExecutorService.newTaskFor(AbstractExecutorService.java:113)
at java.base/java.util.concurrent.AbstractExecutorService.invokeAll(AbstractExecutorService.java:305)
at org.testng.internal.thread.ThreadUtil.execute(ThreadUtil.java:64)
at org.testng.SuiteRunner.runInParallelTestMode(SuiteRunner.java:458)
at org.testng.SuiteRunner.privateRun(SuiteRunner.java:389)
at org.testng.SuiteRunner.run(SuiteRunner.java:330)
at org.testng.SuiteRunnerWorker.runSuite(SuiteRunnerWorker.java:52)
at org.testng.SuiteRunnerWorker.run(SuiteRunnerWorker.java:95)
at org.testng.TestNG.runSuitesSequentially(TestNG.java:1256)
at org.testng.TestNG.runSuitesLocally(TestNG.java:1176)
at org.testng.TestNG.runSuites(TestNG.java:1099)
at org.testng.TestNG.run(TestNG.java:1067)
at com.intellij.rt.testng.IDEARemoteTestNG.run(IDEARemoteTestNG.java:65)
at com.intellij.rt.testng.RemoteTestNGStarter.main(RemoteTestNGStarter.java:105)
]]>
            </full-stacktrace>
          </exception> <!-- java.lang.AssertionError -->
          <reporter-output>
          </reporter-output>
        </test-method> <!-- test_upgradePage -->
        <test-method is-config="true" signature="afterMethod()[pri:0, instance:selenium.UITests@4a3631f8]" started-at="2025-04-21T18:56:16 GMT+03:00" name="afterMethod" finished-at="2025-04-21T18:56:16 GMT+03:00" duration-ms="0" status="PASS">
          <reporter-output>
          </reporter-output>
        </test-method> <!-- afterMethod -->
        <test-method is-config="true" signature="cleanupSession()[pri:0, instance:selenium.UITests@4a3631f8]" started-at="2025-04-21T18:56:16 GMT+03:00" name="cleanupSession" finished-at="2025-04-21T18:56:17 GMT+03:00" duration-ms="440" status="PASS">
          <reporter-output>
          </reporter-output>
        </test-method> <!-- cleanupSession -->
        <test-method is-config="true" signature="setup(java.lang.String)[pri:0, instance:selenium.UITests@4a3631f8]" started-at="2025-04-21T18:56:17 GMT+03:00" name="setup" finished-at="2025-04-21T18:56:20 GMT+03:00" duration-ms="3603" status="PASS">
          <params>
            <param index="0">
              <value>
                <![CDATA[firefox]]>
              </value>
            </param>
          </params>
          <reporter-output>
          </reporter-output>
        </test-method> <!-- setup -->
        <test-method is-config="true" signature="dashboadSetup()[pri:0, instance:selenium.UITests@4a3631f8]" started-at="2025-04-21T18:56:20 GMT+03:00" name="dashboadSetup" finished-at="2025-04-21T18:56:22 GMT+03:00" duration-ms="1766" status="PASS">
          <reporter-output>
          </reporter-output>
        </test-method> <!-- dashboadSetup -->
        <test-method retried="true" signature="test_upgradePage()[pri:0, instance:selenium.UITests@4a3631f8]" started-at="2025-04-21T18:56:22 GMT+03:00" name="test_upgradePage" finished-at="2025-04-21T18:56:24 GMT+03:00" duration-ms="2120" status="SKIP">
          <exception class="java.lang.AssertionError">
            <message>
              <![CDATA[null]]>
            </message>
            <full-stacktrace>
              <![CDATA[java.lang.AssertionError: null
at org.testng.Assert.fail(Assert.java:110)
at org.testng.Assert.fail(Assert.java:115)
at selenium.UITests.test_upgradePage(UITests.java:45)
at java.base/jdk.internal.reflect.DirectMethodHandleAccessor.invoke(DirectMethodHandleAccessor.java:103)
at java.base/java.lang.reflect.Method.invoke(Method.java:580)
at org.testng.internal.invokers.MethodInvocationHelper.invokeMethod(MethodInvocationHelper.java:139)
at org.testng.internal.invokers.TestInvoker.invokeMethod(TestInvoker.java:677)
at org.testng.internal.invokers.TestInvoker.retryFailed(TestInvoker.java:263)
at org.testng.internal.invokers.MethodRunner.runInSequence(MethodRunner.java:62)
at org.testng.internal.invokers.TestInvoker$MethodInvocationAgent.invoke(TestInvoker.java:969)
at org.testng.internal.invokers.TestInvoker.invokeTestMethods(TestInvoker.java:194)
at org.testng.internal.invokers.TestMethodWorker.invokeTestMethods(TestMethodWorker.java:148)
at org.testng.internal.invokers.TestMethodWorker.run(TestMethodWorker.java:128)
at java.base/java.util.ArrayList.forEach(ArrayList.java:1597)
at org.testng.TestRunner.privateRun(TestRunner.java:829)
at org.testng.TestRunner.run(TestRunner.java:602)
at org.testng.SuiteRunner.runTest(SuiteRunner.java:437)
at org.testng.SuiteRunner$SuiteWorker.run(SuiteRunner.java:475)
at org.testng.internal.thread.ThreadUtil.lambda$execute$0(ThreadUtil.java:58)
at java.base/java.util.concurrent.FutureTask.run$$$capture(FutureTask.java:317)
at java.base/java.util.concurrent.FutureTask.run(FutureTask.java)
at --- Async.Stack.Trace --- (captured by IntelliJ IDEA debugger)
at java.base/java.util.concurrent.FutureTask.<init>(FutureTask.java:132)
at java.base/java.util.concurrent.AbstractExecutorService.newTaskFor(AbstractExecutorService.java:113)
at java.base/java.util.concurrent.AbstractExecutorService.invokeAll(AbstractExecutorService.java:305)
at org.testng.internal.thread.ThreadUtil.execute(ThreadUtil.java:64)
at org.testng.SuiteRunner.runInParallelTestMode(SuiteRunner.java:458)
at org.testng.SuiteRunner.privateRun(SuiteRunner.java:389)
at org.testng.SuiteRunner.run(SuiteRunner.java:330)
at org.testng.SuiteRunnerWorker.runSuite(SuiteRunnerWorker.java:52)
at org.testng.SuiteRunnerWorker.run(SuiteRunnerWorker.java:95)
at org.testng.TestNG.runSuitesSequentially(TestNG.java:1256)
at org.testng.TestNG.runSuitesLocally(TestNG.java:1176)
at org.testng.TestNG.runSuites(TestNG.java:1099)
at org.testng.TestNG.run(TestNG.java:1067)
at com.intellij.rt.testng.IDEARemoteTestNG.run(IDEARemoteTestNG.java:65)
at com.intellij.rt.testng.RemoteTestNGStarter.main(RemoteTestNGStarter.java:105)
]]>
            </full-stacktrace>
          </exception> <!-- java.lang.AssertionError -->
          <reporter-output>
          </reporter-output>
        </test-method> <!-- test_upgradePage -->
        <test-method is-config="true" signature="afterMethod()[pri:0, instance:selenium.UITests@4a3631f8]" started-at="2025-04-21T18:56:24 GMT+03:00" name="afterMethod" finished-at="2025-04-21T18:56:24 GMT+03:00" duration-ms="0" status="PASS">
          <reporter-output>
          </reporter-output>
        </test-method> <!-- afterMethod -->
        <test-method is-config="true" signature="cleanupSession()[pri:0, instance:selenium.UITests@4a3631f8]" started-at="2025-04-21T18:56:24 GMT+03:00" name="cleanupSession" finished-at="2025-04-21T18:56:25 GMT+03:00" duration-ms="442" status="PASS">
          <reporter-output>
          </reporter-output>
        </test-method> <!-- cleanupSession -->
        <test-method is-config="true" signature="setup(java.lang.String)[pri:0, instance:selenium.UITests@4a3631f8]" started-at="2025-04-21T18:56:25 GMT+03:00" name="setup" finished-at="2025-04-21T18:56:28 GMT+03:00" duration-ms="3530" status="PASS">
          <params>
            <param index="0">
              <value>
                <![CDATA[firefox]]>
              </value>
            </param>
          </params>
          <reporter-output>
          </reporter-output>
        </test-method> <!-- setup -->
        <test-method is-config="true" signature="dashboadSetup()[pri:0, instance:selenium.UITests@4a3631f8]" started-at="2025-04-21T18:56:28 GMT+03:00" name="dashboadSetup" finished-at="2025-04-21T18:56:30 GMT+03:00" duration-ms="1683" status="PASS">
          <reporter-output>
          </reporter-output>
        </test-method> <!-- dashboadSetup -->
        <test-method signature="test_upgradePage()[pri:0, instance:selenium.UITests@4a3631f8]" started-at="2025-04-21T18:56:30 GMT+03:00" name="test_upgradePage" finished-at="2025-04-21T18:56:32 GMT+03:00" duration-ms="2088" status="FAIL">
          <exception class="java.lang.AssertionError">
            <message>
              <![CDATA[null]]>
            </message>
            <full-stacktrace>
              <![CDATA[java.lang.AssertionError: null
at org.testng.Assert.fail(Assert.java:110)
at org.testng.Assert.fail(Assert.java:115)
at selenium.UITests.test_upgradePage(UITests.java:45)
at java.base/jdk.internal.reflect.DirectMethodHandleAccessor.invoke(DirectMethodHandleAccessor.java:103)
at java.base/java.lang.reflect.Method.invoke(Method.java:580)
at org.testng.internal.invokers.MethodInvocationHelper.invokeMethod(MethodInvocationHelper.java:139)
at org.testng.internal.invokers.TestInvoker.invokeMethod(TestInvoker.java:677)
at org.testng.internal.invokers.TestInvoker.retryFailed(TestInvoker.java:263)
at org.testng.internal.invokers.MethodRunner.runInSequence(MethodRunner.java:62)
at org.testng.internal.invokers.TestInvoker$MethodInvocationAgent.invoke(TestInvoker.java:969)
at org.testng.internal.invokers.TestInvoker.invokeTestMethods(TestInvoker.java:194)
at org.testng.internal.invokers.TestMethodWorker.invokeTestMethods(TestMethodWorker.java:148)
at org.testng.internal.invokers.TestMethodWorker.run(TestMethodWorker.java:128)
at java.base/java.util.ArrayList.forEach(ArrayList.java:1597)
at org.testng.TestRunner.privateRun(TestRunner.java:829)
at org.testng.TestRunner.run(TestRunner.java:602)
at org.testng.SuiteRunner.runTest(SuiteRunner.java:437)
at org.testng.SuiteRunner$SuiteWorker.run(SuiteRunner.java:475)
at org.testng.internal.thread.ThreadUtil.lambda$execute$0(ThreadUtil.java:58)
at java.base/java.util.concurrent.FutureTask.run$$$capture(FutureTask.java:317)
at java.base/java.util.concurrent.FutureTask.run(FutureTask.java)
at --- Async.Stack.Trace --- (captured by IntelliJ IDEA debugger)
at java.base/java.util.concurrent.FutureTask.<init>(FutureTask.java:132)
at java.base/java.util.concurrent.AbstractExecutorService.newTaskFor(AbstractExecutorService.java:113)
at java.base/java.util.concurrent.AbstractExecutorService.invokeAll(AbstractExecutorService.java:305)
at org.testng.internal.thread.ThreadUtil.execute(ThreadUtil.java:64)
at org.testng.SuiteRunner.runInParallelTestMode(SuiteRunner.java:458)
at org.testng.SuiteRunner.privateRun(SuiteRunner.java:389)
at org.testng.SuiteRunner.run(SuiteRunner.java:330)
at org.testng.SuiteRunnerWorker.runSuite(SuiteRunnerWorker.java:52)
at org.testng.SuiteRunnerWorker.run(SuiteRunnerWorker.java:95)
at org.testng.TestNG.runSuitesSequentially(TestNG.java:1256)
at org.testng.TestNG.runSuitesLocally(TestNG.java:1176)
at org.testng.TestNG.runSuites(TestNG.java:1099)
at org.testng.TestNG.run(TestNG.java:1067)
at com.intellij.rt.testng.IDEARemoteTestNG.run(IDEARemoteTestNG.java:65)
at com.intellij.rt.testng.RemoteTestNGStarter.main(RemoteTestNGStarter.java:105)
]]>
            </full-stacktrace>
          </exception> <!-- java.lang.AssertionError -->
          <reporter-output>
          </reporter-output>
        </test-method> <!-- test_upgradePage -->
        <test-method is-config="true" signature="afterMethod()[pri:0, instance:selenium.UITests@4a3631f8]" started-at="2025-04-21T18:56:32 GMT+03:00" name="afterMethod" finished-at="2025-04-21T18:56:32 GMT+03:00" duration-ms="0" status="PASS">
          <reporter-output>
          </reporter-output>
        </test-method> <!-- afterMethod -->
        <test-method is-config="true" signature="cleanupSession()[pri:0, instance:selenium.UITests@4a3631f8]" started-at="2025-04-21T18:56:32 GMT+03:00" name="cleanupSession" finished-at="2025-04-21T18:56:32 GMT+03:00" duration-ms="448" status="PASS">
          <reporter-output>
          </reporter-output>
        </test-method> <!-- cleanupSession -->
        <test-method is-config="true" signature="tearDown()[pri:0, instance:selenium.UITests@4a3631f8]" started-at="2025-04-21T18:56:32 GMT+03:00" name="tearDown" finished-at="2025-04-21T18:56:32 GMT+03:00" duration-ms="1" status="PASS">
          <reporter-output>
          </reporter-output>
        </test-method> <!-- tearDown -->
      </class> <!-- selenium.UITests -->
    </test> <!-- FirefoxTest -->
  </suite> <!-- SeleniumTestSuite -->
</testng-results>
